[2025-09-18 14:57:06] 🔄 [PROCESSOS] Iniciando reprocessamento de processos pendentes...
[2025-09-18 14:57:06] ✅ [PROCESSOS] Nenhum processo pendente para reprocessar.
[2025-09-18 14:57:52] 🔄 [FALHAS] Iniciando reprocessamento...
[2025-09-18 14:57:52] 📌 [FALHAS] Reprocessando FALHA_CURL (tentativa 0)...
[2025-09-18 14:58:37] ❌ cURL falhou (tent. 1): Operation timed out after 45002 milliseconds with 0 bytes received
[2025-09-18 14:58:37] ⏳ Aguardando 2.512s antes da próxima tentativa...
[2025-09-18 14:59:25] ❌ cURL falhou (tent. 2): Operation timed out after 45002 milliseconds with 0 bytes received
[2025-09-18 14:59:25] ⏳ Aguardando 4.788s antes da próxima tentativa...
[2025-09-18 15:00:15] ❌ cURL falhou (tent. 3): Operation timed out after 45002 milliseconds with 0 bytes received
[2025-09-18 15:00:15] ⏳ Aguardando 8.618s antes da próxima tentativa...
[2025-09-18 15:00:23]    ⚠️ [FALHAS] Falha novamente (CURL_FAIL), mantido como pendente: FALHA_CURL
[2025-09-18 15:00:23] 📌 [FALHAS] Reprocessando FALHA_CURL (tentativa 0)...
[2025-09-18 15:00:23] ⚠️ HTTP 403 — corpo: 
[2025-09-18 15:00:23] ⏳ Aguardando 2.032s antes da próxima tentativa...
[2025-09-18 15:00:26] ⚠️ HTTP 403 — corpo: 
[2025-09-18 15:00:26] ⏳ Aguardando 4.299s antes da próxima tentativa...
[2025-09-18 15:00:30] ⚠️ HTTP 403 — corpo: 
[2025-09-18 15:00:30] ⏳ Aguardando 8.453s antes da próxima tentativa...
[2025-09-18 15:00:39]    ⚠️ [FALHAS] Falha novamente (CURL_FAIL), mantido como pendente: FALHA_CURL
[2025-09-18 15:00:39] 📌 [FALHAS] Reprocessando FALHA_CURL (tentativa 0)...
[2025-09-18 15:00:39] ⚠️ HTTP 403 — corpo: 
[2025-09-18 15:00:39] ⏳ Aguardando 2.555s antes da próxima tentativa...
[2025-09-18 15:01:26] ❌ cURL falhou (tent. 2): Operation timed out after 45002 milliseconds with 0 bytes received
[2025-09-18 15:01:26] ⏳ Aguardando 4.335s antes da próxima tentativa...
[2025-09-18 15:02:16] ❌ cURL falhou (tent. 3): Operation timed out after 45002 milliseconds with 0 bytes received
[2025-09-18 15:02:16] ⏳ Aguardando 8.826s antes da próxima tentativa...
[2025-09-18 15:02:25]    ⚠️ [FALHAS] Falha novamente (CURL_FAIL), mantido como pendente: FALHA_CURL
[2025-09-18 15:02:25] 📌 [FALHAS] Reprocessando FALHA_CURL (tentativa 0)...
[2025-09-18 15:02:25] ⚠️ HTTP 403 — corpo: 
[2025-09-18 15:02:25] ⏳ Aguardando 2.227s antes da próxima tentativa...
[2025-09-18 15:02:27] ⚠️ HTTP 403 — corpo: 
[2025-09-18 15:02:27] ⏳ Aguardando 4.496s antes da próxima tentativa...
[2025-09-18 15:02:32] ⚠️ HTTP 403 — corpo: 
[2025-09-18 15:02:32] ⏳ Aguardando 8.958s antes da próxima tentativa...
[2025-09-18 15:02:41]    ⚠️ [FALHAS] Falha novamente (CURL_FAIL), mantido como pendente: FALHA_CURL
[2025-09-18 15:02:41] 📌 [FALHAS] Reprocessando FALHA_CURL (tentativa 0)...
[2025-09-18 15:02:41] ⚠️ HTTP 403 — corpo: 
[2025-09-18 15:02:41] ⏳ Aguardando 2.404s antes da próxima tentativa...
[2025-09-18 15:02:43] ⚠️ HTTP 403 — corpo: 
[2025-09-18 15:02:43] ⏳ Aguardando 4.886s antes da próxima tentativa...
[2025-09-18 15:02:48] ⚠️ HTTP 403 — corpo: 
[2025-09-18 15:02:48] ⏳ Aguardando 8.785s antes da próxima tentativa...
[2025-09-18 15:02:57]    ⚠️ [FALHAS] Falha novamente (CURL_FAIL), mantido como pendente: FALHA_CURL
[2025-09-18 15:02:57] 📌 [FALHAS] Reprocessando FALHA_CURL (tentativa 0)...
[2025-09-18 15:02:57] ⚠️ HTTP 403 — corpo: 
[2025-09-18 15:02:57] ⏳ Aguardando 2.08s antes da próxima tentativa...
[2025-09-18 15:02:59] ⚠️ HTTP 403 — corpo: 
[2025-09-18 15:02:59] ⏳ Aguardando 4.663s antes da próxima tentativa...
[2025-09-18 15:03:04] ⚠️ HTTP 403 — corpo: 
[2025-09-18 15:03:04] ⏳ Aguardando 8.956s antes da próxima tentativa...
[2025-09-18 15:03:14]    ⚠️ [FALHAS] Falha novamente (CURL_FAIL), mantido como pendente: FALHA_CURL
[2025-09-18 15:03:14] 📌 [FALHAS] Reprocessando FALHA_CURL (tentativa 0)...
[2025-09-18 15:03:14] ⚠️ HTTP 403 — corpo: 
[2025-09-18 15:03:14] ⏳ Aguardando 2.612s antes da próxima tentativa...
[2025-09-18 15:03:16] ⚠️ HTTP 403 — corpo: 
[2025-09-18 15:03:16] ⏳ Aguardando 4.691s antes da próxima tentativa...
[2025-09-18 15:03:21] ⚠️ HTTP 403 — corpo: 
[2025-09-18 15:03:21] ⏳ Aguardando 8.449s antes da próxima tentativa...
[2025-09-18 15:03:30]    ⚠️ [FALHAS] Falha novamente (CURL_FAIL), mantido como pendente: FALHA_CURL
[2025-09-18 15:03:30] 📌 [FALHAS] Reprocessando FALHA_CURL (tentativa 0)...
[2025-09-18 15:03:30] ⚠️ HTTP 403 — corpo: 
[2025-09-18 15:03:30] ⏳ Aguardando 2.461s antes da próxima tentativa...
[2025-09-18 15:03:32] ⚠️ HTTP 403 — corpo: 
[2025-09-18 15:03:32] ⏳ Aguardando 4.051s antes da próxima tentativa...
[2025-09-18 15:03:37] ⚠️ HTTP 403 — corpo: 
[2025-09-18 15:03:37] ⏳ Aguardando 8.305s antes da próxima tentativa...
[2025-09-18 15:03:45]    ⚠️ [FALHAS] Falha novamente (CURL_FAIL), mantido como pendente: FALHA_CURL
[2025-09-18 15:03:45] 📌 [FALHAS] Reprocessando FALHA_CURL (tentativa 0)...
[2025-09-18 15:04:30] ❌ cURL falhou (tent. 1): Operation timed out after 45002 milliseconds with 0 bytes received
[2025-09-18 15:04:30] ⏳ Aguardando 2.334s antes da próxima tentativa...
[2025-09-18 15:04:32] ⚠️ HTTP 403 — corpo: 
[2025-09-18 15:04:32] ⏳ Aguardando 4.922s antes da próxima tentativa...
[2025-09-18 15:04:37] ⚠️ HTTP 403 — corpo: 
[2025-09-18 15:04:37] ⏳ Aguardando 8.721s antes da próxima tentativa...
[2025-09-18 15:04:46]    ⚠️ [FALHAS] Falha novamente (CURL_FAIL), mantido como pendente: FALHA_CURL
[2025-09-18 15:04:46] 📌 [FALHAS] Reprocessando FALHA_CURL (tentativa 0)...
[2025-09-18 15:05:31] ❌ cURL falhou (tent. 1): Operation timed out after 45002 milliseconds with 0 bytes received
[2025-09-18 15:05:31] ⏳ Aguardando 2.406s antes da próxima tentativa...
[2025-09-18 15:05:34] ⚠️ HTTP 403 — corpo: 
[2025-09-18 15:05:34] ⏳ Aguardando 4.688s antes da próxima tentativa...
[2025-09-18 15:05:38] ⚠️ HTTP 403 — corpo: 
[2025-09-18 15:05:38] ⏳ Aguardando 8.431s antes da próxima tentativa...
[2025-09-18 15:05:47]    ⚠️ [FALHAS] Falha novamente (CURL_FAIL), mantido como pendente: FALHA_CURL
[2025-09-18 15:05:47] 📌 [FALHAS] Reprocessando FALHA_CURL (tentativa 0)...
[2025-09-18 15:05:47] ⚠️ HTTP 403 — corpo: 
[2025-09-18 15:05:47] ⏳ Aguardando 2.779s antes da próxima tentativa...
[2025-09-18 15:05:50] ⚠️ HTTP 403 — corpo: 
[2025-09-18 15:05:50] ⏳ Aguardando 4.307s antes da próxima tentativa...
[2025-09-18 15:06:39] ❌ cURL falhou (tent. 3): Operation timed out after 45002 milliseconds with 0 bytes received
[2025-09-18 15:06:39] ⏳ Aguardando 8.5s antes da próxima tentativa...
[2025-09-18 15:06:48]    ⚠️ [FALHAS] Falha novamente (CURL_FAIL), mantido como pendente: FALHA_CURL
[2025-09-18 15:06:48] 📌 [FALHAS] Reprocessando FALHA_CURL (tentativa 0)...
[2025-09-18 15:06:48] ⚠️ HTTP 403 — corpo: 
[2025-09-18 15:06:48] ⏳ Aguardando 2.723s antes da próxima tentativa...
[2025-09-18 15:06:51] ⚠️ HTTP 403 — corpo: 
[2025-09-18 15:06:51] ⏳ Aguardando 4.459s antes da próxima tentativa...
[2025-09-18 15:06:55] ⚠️ HTTP 403 — corpo: 
[2025-09-18 15:06:55] ⏳ Aguardando 8.332s antes da próxima tentativa...
[2025-09-18 15:07:04]    ⚠️ [FALHAS] Falha novamente (CURL_FAIL), mantido como pendente: FALHA_CURL
[2025-09-18 15:07:04] 📌 [FALHAS] Reprocessando FALHA_CURL (tentativa 0)...
[2025-09-18 15:07:04] ⚠️ HTTP 403 — corpo: 
[2025-09-18 15:07:04] ⏳ Aguardando 2.71s antes da próxima tentativa...
[2025-09-18 15:07:52] ❌ cURL falhou (tent. 2): Operation timed out after 45002 milliseconds with 0 bytes received
[2025-09-18 15:07:52] ⏳ Aguardando 4.741s antes da próxima tentativa...
[2025-09-18 15:07:56] ⚠️ HTTP 403 — corpo: 
[2025-09-18 15:07:56] ⏳ Aguardando 8.036s antes da próxima tentativa...
[2025-09-18 15:08:05]    ⚠️ [FALHAS] Falha novamente (CURL_FAIL), mantido como pendente: FALHA_CURL
[2025-09-18 15:08:05] 📌 [FALHAS] Reprocessando FALHA_CURL (tentativa 0)...
[2025-09-18 15:08:50] ❌ cURL falhou (tent. 1): Operation timed out after 45002 milliseconds with 0 bytes received
[2025-09-18 15:08:50] ⏳ Aguardando 2.987s antes da próxima tentativa...
[2025-09-18 15:08:53] ⚠️ HTTP 403 — corpo: 
[2025-09-18 15:08:53] ⏳ Aguardando 4.825s antes da próxima tentativa...
[2025-09-18 15:09:42] ❌ cURL falhou (tent. 3): Operation timed out after 45001 milliseconds with 0 bytes received
[2025-09-18 15:09:42] ⏳ Aguardando 8.76s antes da próxima tentativa...
[2025-09-18 15:09:51]    ⚠️ [FALHAS] Falha novamente (CURL_FAIL), mantido como pendente: FALHA_CURL
[2025-09-18 15:09:51] 📌 [FALHAS] Reprocessando FALHA_CURL (tentativa 0)...
[2025-09-18 15:09:51] ⚠️ HTTP 403 — corpo: 
[2025-09-18 15:09:51] ⏳ Aguardando 2.057s antes da próxima tentativa...
[2025-09-18 15:10:38] ❌ cURL falhou (tent. 2): Operation timed out after 45002 milliseconds with 0 bytes received
[2025-09-18 15:10:38] ⏳ Aguardando 4.961s antes da próxima tentativa...
[2025-09-18 15:10:44] ⚠️ HTTP 403 — corpo: 
[2025-09-18 15:10:44] ⏳ Aguardando 8.144s antes da próxima tentativa...
[2025-09-18 15:10:52]    ⚠️ [FALHAS] Falha novamente (CURL_FAIL), mantido como pendente: FALHA_CURL
[2025-09-18 15:10:52] 📌 [FALHAS] Reprocessando FALHA_CURL (tentativa 0)...
[2025-09-18 15:10:52] ⚠️ HTTP 403 — corpo: 
[2025-09-18 15:10:52] ⏳ Aguardando 2.559s antes da próxima tentativa...
[2025-09-18 15:10:54] ⚠️ HTTP 403 — corpo: 
[2025-09-18 15:10:54] ⏳ Aguardando 4.07s antes da próxima tentativa...
[2025-09-18 15:10:59] ⚠️ HTTP 403 — corpo: 
[2025-09-18 15:10:59] ⏳ Aguardando 8.574s antes da próxima tentativa...
[2025-09-18 15:11:07]    ⚠️ [FALHAS] Falha novamente (CURL_FAIL), mantido como pendente: FALHA_CURL
[2025-09-18 15:11:07] 📌 [FALHAS] Reprocessando FALHA_CURL (tentativa 0)...
[2025-09-18 15:11:07] ⚠️ HTTP 403 — corpo: 
[2025-09-18 15:11:07] ⏳ Aguardando 2.667s antes da próxima tentativa...
[2025-09-18 15:11:10] ⚠️ HTTP 403 — corpo: 
[2025-09-18 15:11:10] ⏳ Aguardando 4.912s antes da próxima tentativa...
[2025-09-18 15:11:15] ⚠️ HTTP 403 — corpo: 
[2025-09-18 15:11:15] ⏳ Aguardando 8.097s antes da próxima tentativa...
[2025-09-18 15:11:23]    ⚠️ [FALHAS] Falha novamente (CURL_FAIL), mantido como pendente: FALHA_CURL
[2025-09-18 15:11:23] 📌 [FALHAS] Reprocessando FALHA_CURL (tentativa 0)...
[2025-09-18 15:11:23] ⚠️ HTTP 403 — corpo: 
[2025-09-18 15:11:23] ⏳ Aguardando 2.645s antes da próxima tentativa...
[2025-09-18 15:11:26] ⚠️ HTTP 403 — corpo: 
[2025-09-18 15:11:26] ⏳ Aguardando 4.503s antes da próxima tentativa...
[2025-09-18 15:11:31] ⚠️ HTTP 403 — corpo: 
[2025-09-18 15:11:31] ⏳ Aguardando 8.949s antes da próxima tentativa...
[2025-09-18 15:11:40]    ⚠️ [FALHAS] Falha novamente (CURL_FAIL), mantido como pendente: FALHA_CURL
[2025-09-18 15:11:40] 📌 [FALHAS] Reprocessando FALHA_CURL (tentativa 0)...
[2025-09-18 15:11:40] ⚠️ HTTP 403 — corpo: 
[2025-09-18 15:11:40] ⏳ Aguardando 2.571s antes da próxima tentativa...
[2025-09-18 15:11:42] ⚠️ HTTP 403 — corpo: 
[2025-09-18 15:11:42] ⏳ Aguardando 4.263s antes da próxima tentativa...
[2025-09-18 15:12:32] ❌ cURL falhou (tent. 3): Operation timed out after 45002 milliseconds with 0 bytes received
[2025-09-18 15:12:32] ⏳ Aguardando 8.446s antes da próxima tentativa...
[2025-09-18 15:12:40]    ⚠️ [FALHAS] Falha novamente (CURL_FAIL), mantido como pendente: FALHA_CURL
[2025-09-18 15:12:40] 📌 [FALHAS] Reprocessando FALHA_CURL (tentativa 0)...
[2025-09-18 15:12:40] ⚠️ HTTP 403 — corpo: 
[2025-09-18 15:12:40] ⏳ Aguardando 2.832s antes da próxima tentativa...
[2025-09-18 15:12:43] ⚠️ HTTP 403 — corpo: 
[2025-09-18 15:12:43] ⏳ Aguardando 4.581s antes da próxima tentativa...
[2025-09-18 15:12:48] ⚠️ HTTP 403 — corpo: 
[2025-09-18 15:12:48] ⏳ Aguardando 8.273s antes da próxima tentativa...
[2025-09-18 15:12:56]    ⚠️ [FALHAS] Falha novamente (CURL_FAIL), mantido como pendente: FALHA_CURL
[2025-09-18 15:12:56] 📌 [FALHAS] Reprocessando FALHA_CURL (tentativa 0)...
[2025-09-18 15:12:56] ⚠️ HTTP 403 — corpo: 
[2025-09-18 15:12:56] ⏳ Aguardando 2.929s antes da próxima tentativa...
[2025-09-18 15:12:59] ⚠️ HTTP 403 — corpo: 
[2025-09-18 15:12:59] ⏳ Aguardando 4.624s antes da próxima tentativa...
[2025-09-18 15:13:49] ❌ cURL falhou (tent. 3): Operation timed out after 45002 milliseconds with 0 bytes received
[2025-09-18 15:13:49] ⏳ Aguardando 8.41s antes da próxima tentativa...
[2025-09-18 15:13:57]    ⚠️ [FALHAS] Falha novamente (CURL_FAIL), mantido como pendente: FALHA_CURL
[2025-09-18 15:13:57] 📌 [FALHAS] Reprocessando FALHA_CURL (tentativa 0)...
[2025-09-18 15:13:57] ⚠️ HTTP 403 — corpo: 
[2025-09-18 15:13:57] ⏳ Aguardando 2.649s antes da próxima tentativa...
[2025-09-18 15:14:00] ⚠️ HTTP 403 — corpo: 
[2025-09-18 15:14:00] ⏳ Aguardando 4.541s antes da próxima tentativa...
[2025-09-18 15:14:05] ⚠️ HTTP 403 — corpo: 
[2025-09-18 15:14:05] ⏳ Aguardando 8.642s antes da próxima tentativa...
[2025-09-18 15:14:14]    ⚠️ [FALHAS] Falha novamente (CURL_FAIL), mantido como pendente: FALHA_CURL
[2025-09-18 15:14:14] 📌 [FALHAS] Reprocessando FALHA_CURL (tentativa 0)...
[2025-09-18 15:14:14] ⚠️ HTTP 403 — corpo: 
[2025-09-18 15:14:14] ⏳ Aguardando 2.672s antes da próxima tentativa...
[2025-09-18 15:14:16] ⚠️ HTTP 403 — corpo: 
[2025-09-18 15:14:16] ⏳ Aguardando 4.288s antes da próxima tentativa...
[2025-09-18 15:14:21] ⚠️ HTTP 403 — corpo: 
[2025-09-18 15:14:21] ⏳ Aguardando 8.232s antes da próxima tentativa...
[2025-09-18 15:14:29]    ⚠️ [FALHAS] Falha novamente (CURL_FAIL), mantido como pendente: FALHA_CURL
[2025-09-18 15:14:29] 📌 [FALHAS] Reprocessando FALHA_CURL (tentativa 0)...
[2025-09-18 15:14:29] ⚠️ HTTP 403 — corpo: 
[2025-09-18 15:14:29] ⏳ Aguardando 2.787s antes da próxima tentativa...
[2025-09-18 15:15:17] ❌ cURL falhou (tent. 2): Operation timed out after 45001 milliseconds with 0 bytes received
[2025-09-18 15:15:17] ⏳ Aguardando 4.893s antes da próxima tentativa...
[2025-09-18 15:16:07] ❌ cURL falhou (tent. 3): Operation timed out after 45002 milliseconds with 0 bytes received
[2025-09-18 15:16:07] ⏳ Aguardando 8.223s antes da próxima tentativa...
[2025-09-18 15:16:16]    ⚠️ [FALHAS] Falha novamente (CURL_FAIL), mantido como pendente: FALHA_CURL
[2025-09-18 15:16:16] 📌 [FALHAS] Reprocessando FALHA_CURL (tentativa 0)...
[2025-09-18 15:16:16] ⚠️ HTTP 403 — corpo: 
[2025-09-18 15:16:16] ⏳ Aguardando 2.673s antes da próxima tentativa...
[2025-09-18 15:17:03] ❌ cURL falhou (tent. 2): Operation timed out after 45002 milliseconds with 0 bytes received
[2025-09-18 15:17:03] ⏳ Aguardando 4.696s antes da próxima tentativa...
[2025-09-18 15:17:53] ❌ cURL falhou (tent. 3): Operation timed out after 45002 milliseconds with 0 bytes received
[2025-09-18 15:17:53] ⏳ Aguardando 8.156s antes da próxima tentativa...
[2025-09-18 15:18:01]    ⚠️ [FALHAS] Falha novamente (CURL_FAIL), mantido como pendente: FALHA_CURL
[2025-09-18 15:18:01] 📌 [FALHAS] Reprocessando FALHA_CURL (tentativa 0)...
[2025-09-18 15:18:01] ⚠️ HTTP 403 — corpo: 
[2025-09-18 15:18:01] ⏳ Aguardando 2.664s antes da próxima tentativa...
[2025-09-18 15:18:04] ⚠️ HTTP 403 — corpo: 
[2025-09-18 15:18:04] ⏳ Aguardando 4.882s antes da próxima tentativa...
[2025-09-18 15:18:09] ⚠️ HTTP 403 — corpo: 
[2025-09-18 15:18:09] ⏳ Aguardando 8.968s antes da próxima tentativa...
[2025-09-18 15:18:18]    ⚠️ [FALHAS] Falha novamente (CURL_FAIL), mantido como pendente: FALHA_CURL
[2025-09-18 15:18:18] 📌 [FALHAS] Reprocessando FALHA_CURL (tentativa 0)...
[2025-09-18 15:18:19] ⚠️ HTTP 403 — corpo: 
[2025-09-18 15:18:19] ⏳ Aguardando 2.857s antes da próxima tentativa...
[2025-09-18 15:18:21] ⚠️ HTTP 403 — corpo: 
[2025-09-18 15:18:21] ⏳ Aguardando 4.53s antes da próxima tentativa...
[2025-09-18 15:18:26] ⚠️ HTTP 403 — corpo: 
[2025-09-18 15:18:26] ⏳ Aguardando 8.996s antes da próxima tentativa...
[2025-09-18 15:18:35]    ⚠️ [FALHAS] Falha novamente (CURL_FAIL), mantido como pendente: FALHA_CURL
[2025-09-18 15:18:35] 📌 [FALHAS] Reprocessando FALHA_CURL (tentativa 0)...
[2025-09-18 15:18:35] ⚠️ HTTP 403 — corpo: 
[2025-09-18 15:18:35] ⏳ Aguardando 2.867s antes da próxima tentativa...
[2025-09-18 15:18:38] ⚠️ HTTP 403 — corpo: 
[2025-09-18 15:18:38] ⏳ Aguardando 4.422s antes da próxima tentativa...
[2025-09-18 15:19:28] ❌ cURL falhou (tent. 3): Operation timed out after 45001 milliseconds with 0 bytes received
[2025-09-18 15:19:28] ⏳ Aguardando 8.751s antes da próxima tentativa...
[2025-09-18 15:19:36]    ⚠️ [FALHAS] Falha novamente (CURL_FAIL), mantido como pendente: FALHA_CURL
[2025-09-18 15:19:36] 📌 [FALHAS] Reprocessando FALHA_CURL (tentativa 0)...
[2025-09-18 15:19:37] ⚠️ HTTP 403 — corpo: 
[2025-09-18 15:19:37] ⏳ Aguardando 2.103s antes da próxima tentativa...
[2025-09-18 15:20:24] ❌ cURL falhou (tent. 2): Operation timed out after 45002 milliseconds with 0 bytes received
[2025-09-18 15:20:24] ⏳ Aguardando 4.121s antes da próxima tentativa...
[2025-09-18 15:20:28] ⚠️ HTTP 403 — corpo: 
[2025-09-18 15:20:28] ⏳ Aguardando 8.35s antes da próxima tentativa...
[2025-09-18 15:20:36]    ⚠️ [FALHAS] Falha novamente (CURL_FAIL), mantido como pendente: FALHA_CURL
[2025-09-18 15:20:36] 📌 [FALHAS] Reprocessando FALHA_CURL (tentativa 0)...
[2025-09-18 15:21:21] ❌ cURL falhou (tent. 1): Operation timed out after 45002 milliseconds with 0 bytes received
[2025-09-18 15:21:21] ⏳ Aguardando 2.404s antes da próxima tentativa...
[2025-09-18 15:21:24] ⚠️ HTTP 403 — corpo: 
[2025-09-18 15:21:24] ⏳ Aguardando 4.802s antes da próxima tentativa...
[2025-09-18 15:22:14] ❌ cURL falhou (tent. 3): Operation timed out after 45002 milliseconds with 0 bytes received
[2025-09-18 15:22:14] ⏳ Aguardando 8.721s antes da próxima tentativa...
[2025-09-18 15:22:23]    ⚠️ [FALHAS] Falha novamente (CURL_FAIL), mantido como pendente: FALHA_CURL
[2025-09-18 15:22:23] 📌 [FALHAS] Reprocessando FALHA_CURL (tentativa 0)...
[2025-09-18 15:23:08] ❌ cURL falhou (tent. 1): Operation timed out after 45001 milliseconds with 0 bytes received
[2025-09-18 15:23:08] ⏳ Aguardando 2.588s antes da próxima tentativa...
[2025-09-18 15:23:11] ⚠️ HTTP 403 — corpo: 
[2025-09-18 15:23:11] ⏳ Aguardando 4.859s antes da próxima tentativa...
[2025-09-18 15:23:16] ⚠️ HTTP 403 — corpo: 
[2025-09-18 15:23:16] ⏳ Aguardando 8.303s antes da próxima tentativa...
[2025-09-18 15:23:24]    ⚠️ [FALHAS] Falha novamente (CURL_FAIL), mantido como pendente: FALHA_CURL
[2025-09-18 15:23:24] 📌 [FALHAS] Reprocessando FALHA_CURL (tentativa 0)...
[2025-09-18 15:23:24] ⚠️ HTTP 403 — corpo: 
[2025-09-18 15:23:24] ⏳ Aguardando 2.264s antes da próxima tentativa...
[2025-09-18 15:24:11] ❌ cURL falhou (tent. 2): Operation timed out after 45002 milliseconds with 0 bytes received
[2025-09-18 15:24:11] ⏳ Aguardando 4.063s antes da próxima tentativa...
[2025-09-18 15:24:15] ⚠️ HTTP 403 — corpo: 
[2025-09-18 15:24:15] ⏳ Aguardando 8.824s antes da próxima tentativa...
[2025-09-18 15:24:24]    ⚠️ [FALHAS] Falha novamente (CURL_FAIL), mantido como pendente: FALHA_CURL
[2025-09-18 15:24:24] 📌 [FALHAS] Reprocessando FALHA_CURL (tentativa 0)...
[2025-09-18 15:24:24] ⚠️ HTTP 403 — corpo: 
[2025-09-18 15:24:24] ⏳ Aguardando 2.521s antes da próxima tentativa...
[2025-09-18 15:24:27] ⚠️ HTTP 403 — corpo: 
[2025-09-18 15:24:27] ⏳ Aguardando 4.132s antes da próxima tentativa...
[2025-09-18 15:24:31] ⚠️ HTTP 403 — corpo: 
[2025-09-18 15:24:31] ⏳ Aguardando 8.556s antes da próxima tentativa...
[2025-09-18 15:24:40]    ⚠️ [FALHAS] Falha novamente (CURL_FAIL), mantido como pendente: FALHA_CURL
[2025-09-18 15:24:40] 📌 [FALHAS] Reprocessando FALHA_CURL (tentativa 0)...
[2025-09-18 15:24:40] ⚠️ HTTP 403 — corpo: 
[2025-09-18 15:24:40] ⏳ Aguardando 2.109s antes da próxima tentativa...
[2025-09-18 15:24:42] ⚠️ HTTP 403 — corpo: 
[2025-09-18 15:24:42] ⏳ Aguardando 4.526s antes da próxima tentativa...
[2025-09-18 15:24:47] ⚠️ HTTP 403 — corpo: 
[2025-09-18 15:24:47] ⏳ Aguardando 8.98s antes da próxima tentativa...
[2025-09-18 15:24:56]    ⚠️ [FALHAS] Falha novamente (CURL_FAIL), mantido como pendente: FALHA_CURL
[2025-09-18 15:24:56] 📌 [FALHAS] Reprocessando FALHA_CURL (tentativa 0)...
[2025-09-18 15:24:56] ⚠️ HTTP 403 — corpo: 
[2025-09-18 15:24:56] ⏳ Aguardando 2.301s antes da próxima tentativa...
[2025-09-18 15:24:58] ⚠️ HTTP 403 — corpo: 
[2025-09-18 15:24:58] ⏳ Aguardando 4.49s antes da próxima tentativa...
[2025-09-18 15:25:03] ⚠️ HTTP 403 — corpo: 
[2025-09-18 15:25:03] ⏳ Aguardando 8.066s antes da próxima tentativa...
[2025-09-18 15:25:11]    ⚠️ [FALHAS] Falha novamente (CURL_FAIL), mantido como pendente: FALHA_CURL
[2025-09-18 15:25:11] 📌 [FALHAS] Reprocessando FALHA_CURL (tentativa 0)...
[2025-09-18 15:25:56] ❌ cURL falhou (tent. 1): Operation timed out after 45002 milliseconds with 0 bytes received
[2025-09-18 15:25:56] ⏳ Aguardando 2.022s antes da próxima tentativa...
[2025-09-18 15:25:58] ⚠️ HTTP 403 — corpo: 
[2025-09-18 15:25:58] ⏳ Aguardando 4.407s antes da próxima tentativa...
[2025-09-18 15:26:03] ⚠️ HTTP 403 — corpo: 
[2025-09-18 15:26:03] ⏳ Aguardando 8.744s antes da próxima tentativa...
[2025-09-18 15:26:11]    ⚠️ [FALHAS] Falha novamente (CURL_FAIL), mantido como pendente: FALHA_CURL
[2025-09-18 15:26:11] 📌 [FALHAS] Reprocessando FALHA_CURL (tentativa 0)...
[2025-09-18 15:26:11] ⚠️ HTTP 403 — corpo: 
[2025-09-18 15:26:11] ⏳ Aguardando 2.417s antes da próxima tentativa...
[2025-09-18 15:26:14] ⚠️ HTTP 403 — corpo: 
[2025-09-18 15:26:14] ⏳ Aguardando 4.806s antes da próxima tentativa...
[2025-09-18 15:26:19] ⚠️ HTTP 403 — corpo: 
[2025-09-18 15:26:19] ⏳ Aguardando 8.912s antes da próxima tentativa...
[2025-09-18 15:26:28]    ⚠️ [FALHAS] Falha novamente (CURL_FAIL), mantido como pendente: FALHA_CURL
[2025-09-18 15:26:28] 📌 [FALHAS] Reprocessando FALHA_CURL (tentativa 0)...
[2025-09-18 15:26:28] ⚠️ HTTP 403 — corpo: 
[2025-09-18 15:26:28] ⏳ Aguardando 2.454s antes da próxima tentativa...
[2025-09-18 15:26:31] ⚠️ HTTP 403 — corpo: 
[2025-09-18 15:26:31] ⏳ Aguardando 4.015s antes da próxima tentativa...
[2025-09-18 15:26:35] ⚠️ HTTP 403 — corpo: 
[2025-09-18 15:26:35] ⏳ Aguardando 8.31s antes da próxima tentativa...
[2025-09-18 15:26:43]    ⚠️ [FALHAS] Falha novamente (CURL_FAIL), mantido como pendente: FALHA_CURL
[2025-09-18 15:26:43] 📌 [FALHAS] Reprocessando FALHA_CURL (tentativa 0)...
[2025-09-18 15:26:43] ⚠️ HTTP 403 — corpo: 
[2025-09-18 15:26:43] ⏳ Aguardando 2.607s antes da próxima tentativa...
[2025-09-18 15:27:31] ❌ cURL falhou (tent. 2): Operation timed out after 45002 milliseconds with 0 bytes received
[2025-09-18 15:27:31] ⏳ Aguardando 4.739s antes da próxima tentativa...
[2025-09-18 15:27:36] ⚠️ HTTP 403 — corpo: 
[2025-09-18 15:27:36] ⏳ Aguardando 8.137s antes da próxima tentativa...
[2025-09-18 15:27:44]    ⚠️ [FALHAS] Falha novamente (CURL_FAIL), mantido como pendente: FALHA_CURL
[2025-09-18 15:27:44] 📌 [FALHAS] Reprocessando FALHA_CURL (tentativa 0)...
[2025-09-18 15:27:44] ⚠️ HTTP 403 — corpo: 
[2025-09-18 15:27:44] ⏳ Aguardando 2.469s antes da próxima tentativa...
[2025-09-18 15:27:46] ⚠️ HTTP 403 — corpo: 
[2025-09-18 15:27:46] ⏳ Aguardando 4.559s antes da próxima tentativa...
[2025-09-18 15:27:51] ⚠️ HTTP 403 — corpo: 
[2025-09-18 15:27:51] ⏳ Aguardando 8.981s antes da próxima tentativa...
[2025-09-18 15:28:00]    ⚠️ [FALHAS] Falha novamente (CURL_FAIL), mantido como pendente: FALHA_CURL
[2025-09-18 15:28:00] 📌 [FALHAS] Reprocessando FALHA_CURL (tentativa 0)...
[2025-09-18 15:28:45] ❌ cURL falhou (tent. 1): Operation timed out after 45002 milliseconds with 0 bytes received
[2025-09-18 15:28:45] ⏳ Aguardando 2.952s antes da próxima tentativa...
[2025-09-18 15:28:48] ⚠️ HTTP 403 — corpo: 
[2025-09-18 15:28:48] ⏳ Aguardando 4.296s antes da próxima tentativa...
[2025-09-18 15:28:53] ⚠️ HTTP 403 — corpo: 
[2025-09-18 15:28:53] ⏳ Aguardando 8.117s antes da próxima tentativa...
[2025-09-18 15:29:01]    ⚠️ [FALHAS] Falha novamente (CURL_FAIL), mantido como pendente: FALHA_CURL
[2025-09-18 15:29:01] 📌 [FALHAS] Reprocessando FALHA_CURL (tentativa 0)...
[2025-09-18 15:29:01] ⚠️ HTTP 403 — corpo: 
[2025-09-18 15:29:01] ⏳ Aguardando 2.573s antes da próxima tentativa...
[2025-09-18 15:29:03] ⚠️ HTTP 403 — corpo: 
[2025-09-18 15:29:03] ⏳ Aguardando 4.635s antes da próxima tentativa...
[2025-09-18 15:29:08] ⚠️ HTTP 403 — corpo: 
[2025-09-18 15:29:08] ⏳ Aguardando 8.359s antes da próxima tentativa...
[2025-09-18 15:29:16]    ⚠️ [FALHAS] Falha novamente (CURL_FAIL), mantido como pendente: FALHA_CURL
[2025-09-18 15:29:16] 📌 [FALHAS] Reprocessando FALHA_CURL (tentativa 0)...
[2025-09-18 15:29:17] ⚠️ HTTP 403 — corpo: 
[2025-09-18 15:29:17] ⏳ Aguardando 2.166s antes da próxima tentativa...
[2025-09-18 15:29:19] ⚠️ HTTP 403 — corpo: 
[2025-09-18 15:29:19] ⏳ Aguardando 4.321s antes da próxima tentativa...
[2025-09-18 15:29:23] ⚠️ HTTP 403 — corpo: 
[2025-09-18 15:29:23] ⏳ Aguardando 8.045s antes da próxima tentativa...
[2025-09-18 15:29:31]    ⚠️ [FALHAS] Falha novamente (CURL_FAIL), mantido como pendente: FALHA_CURL
[2025-09-18 15:29:31] 📌 [FALHAS] Reprocessando FALHA_CURL (tentativa 0)...
[2025-09-18 15:29:32] ⚠️ HTTP 403 — corpo: 
[2025-09-18 15:29:32] ⏳ Aguardando 2.176s antes da próxima tentativa...
[2025-09-18 15:29:34] ⚠️ HTTP 403 — corpo: 
[2025-09-18 15:29:34] ⏳ Aguardando 4.334s antes da próxima tentativa...
[2025-09-18 15:29:38] ⚠️ HTTP 403 — corpo: 
[2025-09-18 15:29:38] ⏳ Aguardando 8.943s antes da próxima tentativa...
[2025-09-18 15:29:47]    ⚠️ [FALHAS] Falha novamente (CURL_FAIL), mantido como pendente: FALHA_CURL
[2025-09-18 15:29:47] 📌 [FALHAS] Reprocessando FALHA_CURL (tentativa 0)...
[2025-09-18 15:30:32] ❌ cURL falhou (tent. 1): Operation timed out after 45002 milliseconds with 0 bytes received
[2025-09-18 15:30:32] ⏳ Aguardando 2.701s antes da próxima tentativa...
[2025-09-18 15:30:35] ⚠️ HTTP 403 — corpo: 
[2025-09-18 15:30:35] ⏳ Aguardando 4.802s antes da próxima tentativa...
[2025-09-18 15:30:40] ⚠️ HTTP 403 — corpo: 
[2025-09-18 15:30:40] ⏳ Aguardando 8.277s antes da próxima tentativa...
[2025-09-18 15:30:49]    ⚠️ [FALHAS] Falha novamente (CURL_FAIL), mantido como pendente: FALHA_CURL
[2025-09-18 15:30:49] 📌 [FALHAS] Reprocessando FALHA_CURL (tentativa 0)...
[2025-09-18 15:31:34] ❌ cURL falhou (tent. 1): Operation timed out after 45002 milliseconds with 0 bytes received
[2025-09-18 15:31:34] ⏳ Aguardando 2.963s antes da próxima tentativa...
[2025-09-18 15:31:37] ⚠️ HTTP 403 — corpo: 
[2025-09-18 15:31:37] ⏳ Aguardando 4.224s antes da próxima tentativa...
[2025-09-18 15:31:41] ⚠️ HTTP 403 — corpo: 
[2025-09-18 15:31:41] ⏳ Aguardando 8.041s antes da próxima tentativa...
[2025-09-18 15:31:49]    ⚠️ [FALHAS] Falha novamente (CURL_FAIL), mantido como pendente: FALHA_CURL
[2025-09-18 15:31:49] 📌 [FALHAS] Reprocessando FALHA_CURL (tentativa 0)...
[2025-09-18 15:31:49] ⚠️ HTTP 403 — corpo: 
[2025-09-18 15:31:49] ⏳ Aguardando 2.038s antes da próxima tentativa...
[2025-09-18 15:31:51] ⚠️ HTTP 403 — corpo: 
[2025-09-18 15:31:51] ⏳ Aguardando 4.009s antes da próxima tentativa...
[2025-09-18 15:31:55] ⚠️ HTTP 403 — corpo: 
[2025-09-18 15:31:55] ⏳ Aguardando 8.477s antes da próxima tentativa...
[2025-09-18 15:32:04]    ⚠️ [FALHAS] Falha novamente (CURL_FAIL), mantido como pendente: FALHA_CURL
[2025-09-18 15:32:04] 📌 [FALHAS] Reprocessando FALHA_CURL (tentativa 0)...
[2025-09-18 15:32:04] ⚠️ HTTP 403 — corpo: 
[2025-09-18 15:32:04] ⏳ Aguardando 2.132s antes da próxima tentativa...
[2025-09-18 15:32:06] ⚠️ HTTP 403 — corpo: 
[2025-09-18 15:32:06] ⏳ Aguardando 4.022s antes da próxima tentativa...
[2025-09-18 15:32:10] ⚠️ HTTP 403 — corpo: 
[2025-09-18 15:32:10] ⏳ Aguardando 8.414s antes da próxima tentativa...
[2025-09-18 15:32:19]    ⚠️ [FALHAS] Falha novamente (CURL_FAIL), mantido como pendente: FALHA_CURL
[2025-09-18 15:32:19] 📌 [FALHAS] Reprocessando FALHA_CURL (tentativa 0)...
[2025-09-18 15:33:04] ❌ cURL falhou (tent. 1): Operation timed out after 45002 milliseconds with 0 bytes received
[2025-09-18 15:33:04] ⏳ Aguardando 2.857s antes da próxima tentativa...
[2025-09-18 15:33:07] ⚠️ HTTP 403 — corpo: 
[2025-09-18 15:33:07] ⏳ Aguardando 4.916s antes da próxima tentativa...
[2025-09-18 15:33:12] ⚠️ HTTP 403 — corpo: 
[2025-09-18 15:33:12] ⏳ Aguardando 8.224s antes da próxima tentativa...
[2025-09-18 15:33:20]    ⚠️ [FALHAS] Falha novamente (CURL_FAIL), mantido como pendente: FALHA_CURL
[2025-09-18 15:33:20] 📌 [FALHAS] Reprocessando FALHA_CURL (tentativa 0)...
[2025-09-18 15:33:20] ⚠️ HTTP 403 — corpo: 
[2025-09-18 15:33:20] ⏳ Aguardando 2.907s antes da próxima tentativa...
[2025-09-18 15:34:08] ❌ cURL falhou (tent. 2): Operation timed out after 45002 milliseconds with 0 bytes received
[2025-09-18 15:34:08] ⏳ Aguardando 4.558s antes da próxima tentativa...
[2025-09-18 15:34:13] ⚠️ HTTP 403 — corpo: 
[2025-09-18 15:34:13] ⏳ Aguardando 8.435s antes da próxima tentativa...
[2025-09-18 15:34:21]    ⚠️ [FALHAS] Falha novamente (CURL_FAIL), mantido como pendente: FALHA_CURL
[2025-09-18 15:34:21] 🏁 [FALHAS] Finalizado reprocessamento.
[2025-09-18 15:39:00] 🔄 [PROCESSOS] Iniciando reprocessamento de processos pendentes...
[2025-09-18 15:39:00] ✅ [PROCESSOS] Nenhum processo pendente para reprocessar.
