2025-09-15 16:15:59 🔄 Iniciando sincronização PNCP (2025-08-16 -> 2025-09-15)
2025-09-15 16:16:00 📄 Página 1 / ~153 (SP / mod 6) → 50 processos
2025-09-15 16:16:00 ⚠️ HTTP 404 ao consultar API: https://pncp.gov.br/api/consulta/v1/contratacoes/65042855000120-1-000047/2025/itens
2025-09-15 16:16:00    ⚠️ Nenhum item encontrado para processo 65042855000120-1-000047/2025
2025-09-15 16:16:00 ⚠️ HTTP 404 ao consultar API: https://pncp.gov.br/api/consulta/v1/contratacoes/45150166000122-1-000047/2025/itens
2025-09-15 16:16:00    ⚠️ Nenhum item encontrado para processo 45150166000122-1-000047/2025
2025-09-15 16:16:00 ⚠️ HTTP 404 ao consultar API: https://pncp.gov.br/api/consulta/v1/contratacoes/49203409000102-1-000029/2025/itens
2025-09-15 16:16:00    ⚠️ Nenhum item encontrado para processo 49203409000102-1-000029/2025
2025-09-15 16:16:01 ⚠️ HTTP 404 ao consultar API: https://pncp.gov.br/api/consulta/v1/contratacoes/46634101000115-1-000318/2025/itens
2025-09-15 16:16:01    ⚠️ Nenhum item encontrado para processo 46634101000115-1-000318/2025
2025-09-15 16:16:01 ⚠️ HTTP 404 ao consultar API: https://pncp.gov.br/api/consulta/v1/contratacoes/46374500000194-1-007719/2025/itens
2025-09-15 16:16:01    ⚠️ Nenhum item encontrado para processo 46374500000194-1-007719/2025
2025-09-15 16:16:01 ⚠️ HTTP 404 ao consultar API: https://pncp.gov.br/api/consulta/v1/contratacoes/46374500000194-1-007720/2025/itens
2025-09-15 16:16:01    ⚠️ Nenhum item encontrado para processo 46374500000194-1-007720/2025
2025-09-15 16:16:01 ⚠️ HTTP 404 ao consultar API: https://pncp.gov.br/api/consulta/v1/contratacoes/46374500000194-1-007721/2025/itens
2025-09-15 16:16:01    ⚠️ Nenhum item encontrado para processo 46374500000194-1-007721/2025
2025-09-15 16:16:31 ⚠️ Erro cURL: Operation timed out after 30002 milliseconds with 0 bytes received
2025-09-15 16:16:31    ⚠️ Nenhum item encontrado para processo 50437516000176-1-000053/2025
2025-09-15 16:16:31 ⚠️ HTTP 404 ao consultar API: https://pncp.gov.br/api/consulta/v1/contratacoes/45332095000189-1-000126/2025/itens
2025-09-15 16:16:31    ⚠️ Nenhum item encontrado para processo 45332095000189-1-000126/2025
2025-09-15 16:16:32 ⚠️ HTTP 404 ao consultar API: https://pncp.gov.br/api/consulta/v1/contratacoes/46374500000194-1-007722/2025/itens
2025-09-15 16:16:32    ⚠️ Nenhum item encontrado para processo 46374500000194-1-007722/2025
2025-09-15 16:16:32 ⚠️ HTTP 404 ao consultar API: https://pncp.gov.br/api/consulta/v1/contratacoes/44959021000104-1-000256/2025/itens
2025-09-15 16:16:32    ⚠️ Nenhum item encontrado para processo 44959021000104-1-000256/2025
2025-09-15 16:16:32 ⚠️ HTTP 404 ao consultar API: https://pncp.gov.br/api/consulta/v1/contratacoes/45332095000189-1-000127/2025/itens
2025-09-15 16:16:32    ⚠️ Nenhum item encontrado para processo 45332095000189-1-000127/2025
2025-09-15 16:16:32 ⚠️ HTTP 404 ao consultar API: https://pncp.gov.br/api/consulta/v1/contratacoes/71832679000123-1-000217/2025/itens
2025-09-15 16:16:32    ⚠️ Nenhum item encontrado para processo 71832679000123-1-000217/2025
2025-09-15 16:16:32 ⚠️ HTTP 404 ao consultar API: https://pncp.gov.br/api/consulta/v1/contratacoes/46374500000194-1-007723/2025/itens
2025-09-15 16:16:32    ⚠️ Nenhum item encontrado para processo 46374500000194-1-007723/2025
2025-09-15 16:16:32 ⚠️ HTTP 404 ao consultar API: https://pncp.gov.br/api/consulta/v1/contratacoes/71832679000123-1-000218/2025/itens
2025-09-15 16:16:32    ⚠️ Nenhum item encontrado para processo 71832679000123-1-000218/2025
2025-09-15 16:16:33 ⚠️ HTTP 404 ao consultar API: https://pncp.gov.br/api/consulta/v1/contratacoes/63025530000104-1-003391/2025/itens
2025-09-15 16:16:33    ⚠️ Nenhum item encontrado para processo 63025530000104-1-003391/2025
2025-09-15 16:17:03 ⚠️ Erro cURL: Operation timed out after 30002 milliseconds with 0 bytes received
2025-09-15 16:17:03    ⚠️ Nenhum item encontrado para processo 50778851000138-1-000016/2025
2025-09-15 16:17:33 ⚠️ Erro cURL: Operation timed out after 30002 milliseconds with 0 bytes received
2025-09-15 16:17:33    ⚠️ Nenhum item encontrado para processo 46374500000194-1-007724/2025
2025-09-15 16:18:03 ⚠️ Erro cURL: Operation timed out after 30002 milliseconds with 0 bytes received
2025-09-15 16:18:03    ⚠️ Nenhum item encontrado para processo 50778851000138-1-000017/2025
2025-09-15 16:18:03 ⚠️ HTTP 404 ao consultar API: https://pncp.gov.br/api/consulta/v1/contratacoes/50778851000138-1-000018/2025/itens
2025-09-15 16:18:03    ⚠️ Nenhum item encontrado para processo 50778851000138-1-000018/2025
2025-09-15 16:18:03 ⚠️ HTTP 404 ao consultar API: https://pncp.gov.br/api/consulta/v1/contratacoes/57722118000140-1-000090/2025/itens
2025-09-15 16:18:03    ⚠️ Nenhum item encontrado para processo 57722118000140-1-000090/2025
2025-09-15 16:18:03 ⚠️ HTTP 404 ao consultar API: https://pncp.gov.br/api/consulta/v1/contratacoes/46377800000127-1-003714/2025/itens
2025-09-15 16:18:03    ⚠️ Nenhum item encontrado para processo 46377800000127-1-003714/2025
2025-09-15 16:18:03 ⚠️ HTTP 404 ao consultar API: https://pncp.gov.br/api/consulta/v1/contratacoes/50778851000138-1-000019/2025/itens
2025-09-15 16:18:03    ⚠️ Nenhum item encontrado para processo 50778851000138-1-000019/2025
2025-09-15 16:18:33 ⚠️ Erro cURL: Operation timed out after 30002 milliseconds with 0 bytes received
2025-09-15 16:18:33    ⚠️ Nenhum item encontrado para processo 13864377000130-1-001371/2025
2025-09-15 16:18:34 ⚠️ HTTP 404 ao consultar API: https://pncp.gov.br/api/consulta/v1/contratacoes/46377800000127-1-003715/2025/itens
2025-09-15 16:18:34    ⚠️ Nenhum item encontrado para processo 46377800000127-1-003715/2025
2025-09-15 16:18:34 ⚠️ HTTP 404 ao consultar API: https://pncp.gov.br/api/consulta/v1/contratacoes/46377800000127-1-003716/2025/itens
2025-09-15 16:18:34    ⚠️ Nenhum item encontrado para processo 46377800000127-1-003716/2025
2025-09-15 16:18:34 ⚠️ HTTP 404 ao consultar API: https://pncp.gov.br/api/consulta/v1/contratacoes/46377800000127-1-003717/2025/itens
2025-09-15 16:18:34    ⚠️ Nenhum item encontrado para processo 46377800000127-1-003717/2025
2025-09-15 16:18:34 ⚠️ HTTP 404 ao consultar API: https://pncp.gov.br/api/consulta/v1/contratacoes/46377800000127-1-003718/2025/itens
2025-09-15 16:18:34    ⚠️ Nenhum item encontrado para processo 46377800000127-1-003718/2025
2025-09-15 16:18:34 ⚠️ HTTP 404 ao consultar API: https://pncp.gov.br/api/consulta/v1/contratacoes/46377800000127-1-003719/2025/itens
2025-09-15 16:18:34    ⚠️ Nenhum item encontrado para processo 46377800000127-1-003719/2025
2025-09-15 16:18:35 ⚠️ HTTP 404 ao consultar API: https://pncp.gov.br/api/consulta/v1/contratacoes/46377800000127-1-003720/2025/itens
2025-09-15 16:18:35    ⚠️ Nenhum item encontrado para processo 46377800000127-1-003720/2025
2025-09-15 16:18:35 ⚠️ HTTP 404 ao consultar API: https://pncp.gov.br/api/consulta/v1/contratacoes/01263896000164-1-000567/2025/itens
2025-09-15 16:18:35    ⚠️ Nenhum item encontrado para processo 01263896000164-1-000567/2025
2025-09-15 16:18:35 ⚠️ HTTP 404 ao consultar API: https://pncp.gov.br/api/consulta/v1/contratacoes/00394502002864-1-003593/2025/itens
2025-09-15 16:18:35    ⚠️ Nenhum item encontrado para processo 00394502002864-1-003593/2025
2025-09-15 16:18:35 ⚠️ HTTP 404 ao consultar API: https://pncp.gov.br/api/consulta/v1/contratacoes/21744847000150-1-002100/2025/itens
2025-09-15 16:18:35    ⚠️ Nenhum item encontrado para processo 21744847000150-1-002100/2025
2025-09-15 16:18:35 ⚠️ HTTP 404 ao consultar API: https://pncp.gov.br/api/consulta/v1/contratacoes/00394502002864-1-003594/2025/itens
2025-09-15 16:18:35    ⚠️ Nenhum item encontrado para processo 00394502002864-1-003594/2025
2025-09-15 16:18:35 ⚠️ HTTP 404 ao consultar API: https://pncp.gov.br/api/consulta/v1/contratacoes/46377800000127-1-003721/2025/itens
2025-09-15 16:18:35    ⚠️ Nenhum item encontrado para processo 46377800000127-1-003721/2025
2025-09-15 16:19:05 ⚠️ Erro cURL: Operation timed out after 30002 milliseconds with 0 bytes received
2025-09-15 16:19:05    ⚠️ Nenhum item encontrado para processo 96291141000180-1-003873/2025
2025-09-15 16:19:06 ⚠️ HTTP 404 ao consultar API: https://pncp.gov.br/api/consulta/v1/contratacoes/63025530000104-1-003393/2025/itens
2025-09-15 16:19:06    ⚠️ Nenhum item encontrado para processo 63025530000104-1-003393/2025
2025-09-15 16:19:37 ⚠️ Erro cURL: Operation timed out after 30002 milliseconds with 0 bytes received
2025-09-15 16:19:37    ⚠️ Nenhum item encontrado para processo 06995362000146-1-000001/2025
2025-09-15 16:19:37 ⚠️ HTTP 404 ao consultar API: https://pncp.gov.br/api/consulta/v1/contratacoes/46377800000127-1-003722/2025/itens
2025-09-15 16:19:37    ⚠️ Nenhum item encontrado para processo 46377800000127-1-003722/2025
2025-09-15 16:19:38 ⚠️ HTTP 404 ao consultar API: https://pncp.gov.br/api/consulta/v1/contratacoes/26994558000123-1-000131/2025/itens
2025-09-15 16:19:38    ⚠️ Nenhum item encontrado para processo 26994558000123-1-000131/2025
2025-09-15 16:19:38 ⚠️ HTTP 404 ao consultar API: https://pncp.gov.br/api/consulta/v1/contratacoes/13864377000130-1-001372/2025/itens
2025-09-15 16:19:38    ⚠️ Nenhum item encontrado para processo 13864377000130-1-001372/2025
2025-09-15 16:19:38 ⚠️ HTTP 404 ao consultar API: https://pncp.gov.br/api/consulta/v1/contratacoes/65700239000110-1-000018/2025/itens
2025-09-15 16:19:38    ⚠️ Nenhum item encontrado para processo 65700239000110-1-000018/2025
2025-09-15 16:19:38 ⚠️ HTTP 404 ao consultar API: https://pncp.gov.br/api/consulta/v1/contratacoes/63025530000104-1-003394/2025/itens
2025-09-15 16:19:38    ⚠️ Nenhum item encontrado para processo 63025530000104-1-003394/2025
2025-09-15 16:19:38 ⚠️ HTTP 404 ao consultar API: https://pncp.gov.br/api/consulta/v1/contratacoes/63025530000104-1-003395/2025/itens
2025-09-15 16:19:38    ⚠️ Nenhum item encontrado para processo 63025530000104-1-003395/2025
2025-09-15 16:19:39 ⚠️ HTTP 404 ao consultar API: https://pncp.gov.br/api/consulta/v1/contratacoes/60448040000122-1-000691/2025/itens
2025-09-15 16:19:39    ⚠️ Nenhum item encontrado para processo 60448040000122-1-000691/2025
2025-09-15 16:19:39 ⚠️ HTTP 404 ao consultar API: https://pncp.gov.br/api/consulta/v1/contratacoes/13864377000130-1-001373/2025/itens
2025-09-15 16:19:39    ⚠️ Nenhum item encontrado para processo 13864377000130-1-001373/2025
2025-09-15 16:19:39 ⚠️ HTTP 404 ao consultar API: https://pncp.gov.br/api/consulta/v1/contratacoes/96291141000180-1-003874/2025/itens
2025-09-15 16:19:39    ⚠️ Nenhum item encontrado para processo 96291141000180-1-003874/2025
2025-09-15 16:19:39 ⚠️ HTTP 404 ao consultar API: https://pncp.gov.br/api/consulta/v1/contratacoes/65700239000110-1-000019/2025/itens
2025-09-15 16:19:39    ⚠️ Nenhum item encontrado para processo 65700239000110-1-000019/2025
2025-09-15 16:20:09 ⚠️ Erro cURL: Operation timed out after 30001 milliseconds with 0 bytes received
2025-09-15 16:20:09    ⚠️ Nenhum item encontrado para processo 96291141000180-1-003875/2025
2025-09-15 16:20:09 ⚠️ HTTP 404 ao consultar API: https://pncp.gov.br/api/consulta/v1/contratacoes/60448040000122-1-000692/2025/itens
2025-09-15 16:20:09    ⚠️ Nenhum item encontrado para processo 60448040000122-1-000692/2025
2025-09-15 16:20:10 📄 Página 2 / ~153 (SP / mod 6) → 50 processos
2025-09-15 16:20:40 ⚠️ Erro cURL: Operation timed out after 30002 milliseconds with 0 bytes received
2025-09-15 16:20:40    ⚠️ Nenhum item encontrado para processo 96291141000180-1-003876/2025
2025-09-15 16:21:10 ⚠️ Erro cURL: Operation timed out after 30002 milliseconds with 0 bytes received
2025-09-15 16:21:10    ⚠️ Nenhum item encontrado para processo 46523056000121-1-000168/2025
2025-09-15 16:21:40 ⚠️ Erro cURL: Operation timed out after 30002 milliseconds with 0 bytes received
2025-09-15 16:21:40    ⚠️ Nenhum item encontrado para processo 63025530000104-1-003396/2025
2025-09-15 16:22:10 ⚠️ Erro cURL: Operation timed out after 30002 milliseconds with 0 bytes received
2025-09-15 16:22:10    ⚠️ Nenhum item encontrado para processo 47842836000105-1-000112/2025
2025-09-15 16:22:10 ⚠️ HTTP 404 ao consultar API: https://pncp.gov.br/api/consulta/v1/contratacoes/96291141000180-1-003877/2025/itens
2025-09-15 16:22:10    ⚠️ Nenhum item encontrado para processo 96291141000180-1-003877/2025
2025-09-15 16:22:10 ⚠️ HTTP 404 ao consultar API: https://pncp.gov.br/api/consulta/v1/contratacoes/96291141000180-1-003878/2025/itens
2025-09-15 16:22:10    ⚠️ Nenhum item encontrado para processo 96291141000180-1-003878/2025
2025-09-15 16:22:11 ⚠️ HTTP 404 ao consultar API: https://pncp.gov.br/api/consulta/v1/contratacoes/46374500000194-1-007725/2025/itens
2025-09-15 16:22:11    ⚠️ Nenhum item encontrado para processo 46374500000194-1-007725/2025
2025-09-15 16:22:11 ⚠️ HTTP 404 ao consultar API: https://pncp.gov.br/api/consulta/v1/contratacoes/46634101000115-1-000319/2025/itens
2025-09-15 16:22:11    ⚠️ Nenhum item encontrado para processo 46634101000115-1-000319/2025
2025-09-15 16:22:11 ⚠️ HTTP 404 ao consultar API: https://pncp.gov.br/api/consulta/v1/contratacoes/60747318000162-1-001150/2025/itens
2025-09-15 16:22:11    ⚠️ Nenhum item encontrado para processo 60747318000162-1-001150/2025
2025-09-15 16:22:11 ⚠️ HTTP 404 ao consultar API: https://pncp.gov.br/api/consulta/v1/contratacoes/46374500000194-1-007726/2025/itens
2025-09-15 16:22:11    ⚠️ Nenhum item encontrado para processo 46374500000194-1-007726/2025
2025-09-15 16:22:41 ⚠️ Erro cURL: Operation timed out after 30002 milliseconds with 0 bytes received
2025-09-15 16:22:41    ⚠️ Nenhum item encontrado para processo 46634101000115-1-000320/2025
2025-09-15 16:22:42 ⚠️ HTTP 404 ao consultar API: https://pncp.gov.br/api/consulta/v1/contratacoes/46377800000127-1-003723/2025/itens
2025-09-15 16:22:42    ⚠️ Nenhum item encontrado para processo 46377800000127-1-003723/2025
2025-09-15 16:22:42 ⚠️ HTTP 404 ao consultar API: https://pncp.gov.br/api/consulta/v1/contratacoes/60747318000162-1-001151/2025/itens
2025-09-15 16:22:42    ⚠️ Nenhum item encontrado para processo 60747318000162-1-001151/2025
2025-09-15 16:22:53 ⚠️ HTTP 404 ao consultar API: https://pncp.gov.br/api/consulta/v1/contratacoes/46634101000115-1-000321/2025/itens
2025-09-15 16:22:53    ⚠️ Nenhum item encontrado para processo 46634101000115-1-000321/2025
2025-09-15 16:23:18 ⚠️ HTTP 404 ao consultar API: https://pncp.gov.br/api/consulta/v1/contratacoes/62070362000106-1-000527/2025/itens
2025-09-15 16:23:18    ⚠️ Nenhum item encontrado para processo 62070362000106-1-000527/2025
2025-09-15 16:23:19 ⚠️ HTTP 404 ao consultar API: https://pncp.gov.br/api/consulta/v1/contratacoes/60747318000162-1-001152/2025/itens
2025-09-15 16:23:19    ⚠️ Nenhum item encontrado para processo 60747318000162-1-001152/2025
2025-09-15 16:23:19 ⚠️ HTTP 404 ao consultar API: https://pncp.gov.br/api/consulta/v1/contratacoes/46374500000194-1-007727/2025/itens
2025-09-15 16:23:19    ⚠️ Nenhum item encontrado para processo 46374500000194-1-007727/2025
2025-09-15 16:23:19 ⚠️ HTTP 404 ao consultar API: https://pncp.gov.br/api/consulta/v1/contratacoes/60747318000162-1-001153/2025/itens
2025-09-15 16:23:19    ⚠️ Nenhum item encontrado para processo 60747318000162-1-001153/2025
2025-09-15 16:23:19 ⚠️ HTTP 404 ao consultar API: https://pncp.gov.br/api/consulta/v1/contratacoes/60747318000162-1-001154/2025/itens
2025-09-15 16:23:19    ⚠️ Nenhum item encontrado para processo 60747318000162-1-001154/2025
2025-09-15 16:23:19 ⚠️ HTTP 404 ao consultar API: https://pncp.gov.br/api/consulta/v1/contratacoes/46374500000194-1-007728/2025/itens
2025-09-15 16:23:19    ⚠️ Nenhum item encontrado para processo 46374500000194-1-007728/2025
2025-09-15 16:23:21 ⚠️ HTTP 404 ao consultar API: https://pncp.gov.br/api/consulta/v1/contratacoes/46374500000194-1-007729/2025/itens
2025-09-15 16:23:21    ⚠️ Nenhum item encontrado para processo 46374500000194-1-007729/2025
2025-09-15 16:23:21 ⚠️ HTTP 404 ao consultar API: https://pncp.gov.br/api/consulta/v1/contratacoes/46374500000194-1-007730/2025/itens
2025-09-15 16:23:21    ⚠️ Nenhum item encontrado para processo 46374500000194-1-007730/2025
2025-09-15 16:23:21 ⚠️ HTTP 404 ao consultar API: https://pncp.gov.br/api/consulta/v1/contratacoes/50290931000140-1-000127/2025/itens
2025-09-15 16:23:21    ⚠️ Nenhum item encontrado para processo 50290931000140-1-000127/2025
2025-09-15 16:23:21 ⚠️ HTTP 404 ao consultar API: https://pncp.gov.br/api/consulta/v1/contratacoes/46377800000127-1-003724/2025/itens
2025-09-15 16:23:21    ⚠️ Nenhum item encontrado para processo 46377800000127-1-003724/2025
2025-09-15 16:23:21 ⚠️ HTTP 404 ao consultar API: https://pncp.gov.br/api/consulta/v1/contratacoes/01468760000190-1-000054/2025/itens
2025-09-15 16:23:21    ⚠️ Nenhum item encontrado para processo 01468760000190-1-000054/2025
2025-09-15 16:23:22 ⚠️ HTTP 404 ao consultar API: https://pncp.gov.br/api/consulta/v1/contratacoes/46634101000115-1-000322/2025/itens
2025-09-15 16:23:22    ⚠️ Nenhum item encontrado para processo 46634101000115-1-000322/2025
2025-09-15 16:23:22 ⚠️ HTTP 404 ao consultar API: https://pncp.gov.br/api/consulta/v1/contratacoes/96291141000180-1-003879/2025/itens
2025-09-15 16:23:22    ⚠️ Nenhum item encontrado para processo 96291141000180-1-003879/2025
2025-09-15 16:23:22 ⚠️ HTTP 404 ao consultar API: https://pncp.gov.br/api/consulta/v1/contratacoes/46374500000194-1-007731/2025/itens
2025-09-15 16:23:22    ⚠️ Nenhum item encontrado para processo 46374500000194-1-007731/2025
2025-09-15 16:23:22 ⚠️ HTTP 404 ao consultar API: https://pncp.gov.br/api/consulta/v1/contratacoes/46374500000194-1-007732/2025/itens
2025-09-15 16:23:22    ⚠️ Nenhum item encontrado para processo 46374500000194-1-007732/2025
2025-09-15 16:23:22 ⚠️ HTTP 404 ao consultar API: https://pncp.gov.br/api/consulta/v1/contratacoes/46374500000194-1-007733/2025/itens
2025-09-15 16:23:22    ⚠️ Nenhum item encontrado para processo 46374500000194-1-007733/2025
2025-09-15 16:23:22 ⚠️ HTTP 404 ao consultar API: https://pncp.gov.br/api/consulta/v1/contratacoes/46374500000194-1-007734/2025/itens
2025-09-15 16:23:22    ⚠️ Nenhum item encontrado para processo 46374500000194-1-007734/2025
2025-09-15 16:23:23 ⚠️ HTTP 404 ao consultar API: https://pncp.gov.br/api/consulta/v1/contratacoes/55021455000185-1-000154/2025/itens
2025-09-15 16:23:23    ⚠️ Nenhum item encontrado para processo 55021455000185-1-000154/2025
2025-09-15 16:23:23 ⚠️ HTTP 404 ao consultar API: https://pncp.gov.br/api/consulta/v1/contratacoes/46374500000194-1-007735/2025/itens
2025-09-15 16:23:23    ⚠️ Nenhum item encontrado para processo 46374500000194-1-007735/2025
2025-09-15 16:23:23 ⚠️ HTTP 404 ao consultar API: https://pncp.gov.br/api/consulta/v1/contratacoes/96291141000180-1-003880/2025/itens
2025-09-15 16:23:23    ⚠️ Nenhum item encontrado para processo 96291141000180-1-003880/2025
2025-09-15 16:23:23 ⚠️ HTTP 404 ao consultar API: https://pncp.gov.br/api/consulta/v1/contratacoes/63025530000104-1-003397/2025/itens
2025-09-15 16:23:23    ⚠️ Nenhum item encontrado para processo 63025530000104-1-003397/2025
2025-09-15 16:23:23 ⚠️ HTTP 404 ao consultar API: https://pncp.gov.br/api/consulta/v1/contratacoes/46711362000191-1-000143/2025/itens
2025-09-15 16:23:23    ⚠️ Nenhum item encontrado para processo 46711362000191-1-000143/2025
2025-09-15 16:23:23 ⚠️ HTTP 404 ao consultar API: https://pncp.gov.br/api/consulta/v1/contratacoes/44477909000100-1-000649/2025/itens
2025-09-15 16:23:23    ⚠️ Nenhum item encontrado para processo 44477909000100-1-000649/2025
2025-09-15 16:23:23 ⚠️ HTTP 404 ao consultar API: https://pncp.gov.br/api/consulta/v1/contratacoes/60747318000162-1-001155/2025/itens
2025-09-15 16:23:23    ⚠️ Nenhum item encontrado para processo 60747318000162-1-001155/2025
2025-09-15 16:23:24 ⚠️ HTTP 404 ao consultar API: https://pncp.gov.br/api/consulta/v1/contratacoes/46137410000180-1-000621/2025/itens
2025-09-15 16:23:24    ⚠️ Nenhum item encontrado para processo 46137410000180-1-000621/2025
2025-09-15 16:23:24 ⚠️ HTTP 404 ao consultar API: https://pncp.gov.br/api/consulta/v1/contratacoes/46374500000194-1-007736/2025/itens
2025-09-15 16:23:24    ⚠️ Nenhum item encontrado para processo 46374500000194-1-007736/2025
2025-09-15 16:23:24 ⚠️ HTTP 404 ao consultar API: https://pncp.gov.br/api/consulta/v1/contratacoes/46374500000194-1-007737/2025/itens
2025-09-15 16:23:24    ⚠️ Nenhum item encontrado para processo 46374500000194-1-007737/2025
2025-09-15 16:23:24 ⚠️ HTTP 404 ao consultar API: https://pncp.gov.br/api/consulta/v1/contratacoes/21744847000150-1-002104/2025/itens
2025-09-15 16:23:24    ⚠️ Nenhum item encontrado para processo 21744847000150-1-002104/2025
2025-09-15 16:23:24 ⚠️ HTTP 404 ao consultar API: https://pncp.gov.br/api/consulta/v1/contratacoes/60747318000162-1-001156/2025/itens
2025-09-15 16:23:24    ⚠️ Nenhum item encontrado para processo 60747318000162-1-001156/2025
2025-09-15 16:23:24 ⚠️ HTTP 404 ao consultar API: https://pncp.gov.br/api/consulta/v1/contratacoes/46711362000191-1-000144/2025/itens
2025-09-15 16:23:24    ⚠️ Nenhum item encontrado para processo 46711362000191-1-000144/2025
2025-09-15 16:23:25 ⚠️ HTTP 404 ao consultar API: https://pncp.gov.br/api/consulta/v1/contratacoes/46377222000129-1-000236/2025/itens
2025-09-15 16:23:25    ⚠️ Nenhum item encontrado para processo 46377222000129-1-000236/2025
2025-09-15 16:23:25 ⚠️ HTTP 404 ao consultar API: https://pncp.gov.br/api/consulta/v1/contratacoes/60453032000174-1-000380/2024/itens
2025-09-15 16:23:25    ⚠️ Nenhum item encontrado para processo 60453032000174-1-000380/2024
2025-09-15 16:23:25 ⚠️ HTTP 404 ao consultar API: https://pncp.gov.br/api/consulta/v1/contratacoes/51885242000140-1-000760/2025/itens
2025-09-15 16:23:25    ⚠️ Nenhum item encontrado para processo 51885242000140-1-000760/2025
2025-09-15 16:23:25 ⚠️ HTTP 404 ao consultar API: https://pncp.gov.br/api/consulta/v1/contratacoes/46711362000191-1-000145/2025/itens
2025-09-15 16:23:25    ⚠️ Nenhum item encontrado para processo 46711362000191-1-000145/2025
2025-09-15 16:23:25 ⚠️ HTTP 404 ao consultar API: https://pncp.gov.br/api/consulta/v1/contratacoes/46374500000194-1-007738/2025/itens
2025-09-15 16:23:25    ⚠️ Nenhum item encontrado para processo 46374500000194-1-007738/2025
2025-09-15 16:23:25 ⚠️ HTTP 404 ao consultar API: https://pncp.gov.br/api/consulta/v1/contratacoes/46374500000194-1-007739/2025/itens
2025-09-15 16:23:25    ⚠️ Nenhum item encontrado para processo 46374500000194-1-007739/2025
2025-09-15 16:23:55 ⚠️ Erro cURL: Operation timed out after 30002 milliseconds with 0 bytes received
2025-09-15 16:23:55 ❌ Falha ao consultar página 3 (SP/6). Pulando...
2025-09-15 16:23:55 ✅ Finalizado
